[0101/160231.310:ERROR:directory_reader_win.cc(43)] FindFirstFile: The system cannot find the path specified. (0x3)
[0102/223555.686:ERROR:directory_reader_win.cc(43)] FindFirstFile: The system cannot find the path specified. (0x3)
[0108/143021.034:ERROR:directory_reader_win.cc(43)] FindFirstFile: The system cannot find the path specified. (0x3)
[0109/001722.204:ERROR:directory_reader_win.cc(43)] FindFirstFile: The system cannot find the path specified. (0x3)
[0110/125337.377:ERROR:directory_reader_win.cc(43)] FindFirstFile: The system cannot find the path specified. (0x3)
[0113/150247.320:ERROR:directory_reader_win.cc(43)] FindFirstFile: The system cannot find the path specified. (0x3)
[0113/235208.951:ERROR:directory_reader_win.cc(43)] FindFirstFile: The system cannot find the path specified. (0x3)
[0114/153011.212:ERROR:directory_reader_win.cc(43)] FindFirstFile: The system cannot find the path specified. (0x3)
[0114/154523.180:ERROR:file_io.cc(90)] ReadExactly: expected 36, observed 0
[0114/165634.450:ERROR:process_memory_win.cc(73)] ReadMemory at 0x7ff75b3a0000 of 64 bytes failed: Only part of a ReadProcessMemory or WriteProcessMemory request was completed. (0x12B)
[0114/165634.748:WARNING:pe_image_reader.cc(340)] could not read dos header from C:\Program Files (x86)\Google\Chrome\Application\chrome.exe
[0114/165634.749:ERROR:process_memory_win.cc(73)] ReadMemory at 0x7ffb7d920000 of 64 bytes failed: Only part of a ReadProcessMemory or WriteProcessMemory request was completed. (0x12B)
[0114/165634.749:WARNING:pe_image_reader.cc(340)] could not read dos header from C:\WINDOWS\SYSTEM32\ntdll.dll
[0114/165634.750:ERROR:process_memory_win.cc(73)] ReadMemory at 0x7ffb7bc90000 of 64 bytes failed: Only part of a ReadProcessMemory or WriteProcessMemory request was completed. (0x12B)
[0114/165634.750:WARNING:pe_image_reader.cc(340)] could not read dos header from C:\WINDOWS\System32\KERNEL32.DLL
[0114/165634.751:ERROR:process_memory_win.cc(73)] ReadMemory at 0x7ffb7b540000 of 64 bytes failed: Only part of a ReadProcessMemory or WriteProcessMemory request was completed. (0x12B)
[0114/165634.751:WARNING:pe_image_reader.cc(340)] could not read dos header from C:\WINDOWS\System32\KERNELBASE.dll
[0114/165634.751:ERROR:process_memory_win.cc(73)] ReadMemory at 0x7ffb401e0000 of 64 bytes failed: Only part of a ReadProcessMemory or WriteProcessMemory request was completed. (0x12B)
[0114/165634.752:WARNING:pe_image_reader.cc(340)] could not read dos header from C:\Program Files (x86)\Google\Chrome\Application\87.0.4280.141\chrome_elf.dll
[0114/165634.752:ERROR:process_memory_win.cc(73)] ReadMemory at 0x7ffb6cb10000 of 64 bytes failed: Only part of a ReadProcessMemory or WriteProcessMemory request was completed. (0x12B)
[0114/165634.753:WARNING:pe_image_reader.cc(340)] could not read dos header from C:\WINDOWS\SYSTEM32\VERSION.dll
[0114/165634.753:ERROR:process_memory_win.cc(73)] ReadMemory at 0x7ffb7bdb0000 of 64 bytes failed: Only part of a ReadProcessMemory or WriteProcessMemory request was completed. (0x12B)
[0114/165634.753:WARNING:pe_image_reader.cc(340)] could not read dos header from C:\WINDOWS\System32\msvcrt.dll
[0114/165634.757:ERROR:process_memory_win.cc(73)] ReadMemory at 0x7ffb7b940000 of 64 bytes failed: Only part of a ReadProcessMemory or WriteProcessMemory request was completed. (0x12B)
[0114/165634.757:WARNING:pe_image_reader.cc(340)] could not read dos header from C:\WINDOWS\System32\bcryptPrimitives.dll
[0114/165634.758:ERROR:process_memory_win.cc(73)] ReadMemory at 0x7ffb7b9d0000 of 64 bytes failed: Only part of a ReadProcessMemory or WriteProcessMemory request was completed. (0x12B)
[0114/165634.758:WARNING:pe_image_reader.cc(340)] could not read dos header from C:\WINDOWS\System32\ADVAPI32.dll
[0114/165634.759:ERROR:process_memory_win.cc(73)] ReadMemory at 0x7ffb7ccc0000 of 64 bytes failed: Only part of a ReadProcessMemory or WriteProcessMemory request was completed. (0x12B)
[0114/165634.760:WARNING:pe_image_reader.cc(340)] could not read dos header from C:\WINDOWS\System32\sechost.dll
[0114/165634.760:ERROR:process_memory_win.cc(73)] ReadMemory at 0x7ffb7c220000 of 64 bytes failed: Only part of a ReadProcessMemory or WriteProcessMemory request was completed. (0x12B)
[0114/165634.969:WARNING:pe_image_reader.cc(340)] could not read dos header from C:\WINDOWS\System32\RPCRT4.dll
[0114/165634.970:ERROR:process_memory_win.cc(73)] ReadMemory at 0x7ffb0fca0000 of 64 bytes failed: Only part of a ReadProcessMemory or WriteProcessMemory request was completed. (0x12B)
[0114/165634.970:WARNING:pe_image_reader.cc(340)] could not read dos header from C:\Program Files (x86)\Google\Chrome\Application\87.0.4280.141\chrome.dll
[0114/165634.970:ERROR:process_memory_win.cc(73)] ReadMemory at 0x7ffb7c340000 of 64 bytes failed: Only part of a ReadProcessMemory or WriteProcessMemory request was completed. (0x12B)
[0114/165634.972:WARNING:pe_image_reader.cc(340)] could not read dos header from C:\WINDOWS\System32\WS2_32.dll
[0114/165634.973:ERROR:process_memory_win.cc(73)] ReadMemory at 0x7ffb7bbb0000 of 64 bytes failed: Only part of a ReadProcessMemory or WriteProcessMemory request was completed. (0x12B)
[0114/165634.973:WARNING:pe_image_reader.cc(340)] could not read dos header from C:\WINDOWS\System32\OLEAUT32.dll
[0114/165634.973:ERROR:process_memory_win.cc(73)] ReadMemory at 0x7ffb7b4a0000 of 64 bytes failed: Only part of a ReadProcessMemory or WriteProcessMemory request was completed. (0x12B)
[0114/165634.973:WARNING:pe_image_reader.cc(340)] could not read dos header from C:\WINDOWS\System32\msvcp_win.dll
[0114/165634.974:ERROR:process_memory_win.cc(73)] ReadMemory at 0x7ffb7b070000 of 64 bytes failed: Only part of a ReadProcessMemory or WriteProcessMemory request was completed. (0x12B)
[0114/165634.974:WARNING:pe_image_reader.cc(340)] could not read dos header from C:\WINDOWS\System32\ucrtbase.dll
[0114/165634.974:ERROR:process_memory_win.cc(73)] ReadMemory at 0x7ffb7bee0000 of 64 bytes failed: Only part of a ReadProcessMemory or WriteProcessMemory request was completed. (0x12B)
[0114/165634.975:WARNING:pe_image_reader.cc(340)] could not read dos header from C:\WINDOWS\System32\combase.dll
[0114/165634.975:ERROR:process_memory_win.cc(73)] ReadMemory at 0x7ffb7b440000 of 64 bytes failed: Only part of a ReadProcessMemory or WriteProcessMemory request was completed. (0x12B)
[0114/165634.975:WARNING:pe_image_reader.cc(340)] could not read dos header from C:\WINDOWS\System32\WINTRUST.dll
[0114/165634.976:ERROR:process_memory_win.cc(73)] ReadMemory at 0x7ffb7a870000 of 64 bytes failed: Only part of a ReadProcessMemory or WriteProcessMemory request was completed. (0x12B)
[0114/165634.976:WARNING:pe_image_reader.cc(340)] could not read dos header from C:\WINDOWS\System32\MSASN1.dll
[0114/165634.977:ERROR:process_memory_win.cc(73)] ReadMemory at 0x7ffb7b7f0000 of 64 bytes failed: Only part of a ReadProcessMemory or WriteProcessMemory request was completed. (0x12B)
[0114/165634.977:WARNING:pe_image_reader.cc(340)] could not read dos header from C:\WINDOWS\System32\CRYPT32.dll
[0114/165634.977:ERROR:process_memory_win.cc(73)] ReadMemory at 0x7ffb78670000 of 64 bytes failed: Only part of a ReadProcessMemory or WriteProcessMemory request was completed. (0x12B)
[0114/165634.977:WARNING:pe_image_reader.cc(340)] could not read dos header from C:\WINDOWS\SYSTEM32\dbghelp.dll
[0114/165634.977:ERROR:process_memory_win.cc(73)] ReadMemory at 0x7ffb79cc0000 of 64 bytes failed: Only part of a ReadProcessMemory or WriteProcessMemory request was completed. (0x12B)
[0114/165634.977:WARNING:pe_image_reader.cc(340)] could not read dos header from C:\WINDOWS\SYSTEM32\IPHLPAPI.DLL
[0114/165634.977:ERROR:process_memory_win.cc(73)] ReadMemory at 0x7ffb76eb0000 of 64 bytes failed: Only part of a ReadProcessMemory or WriteProcessMemory request was completed. (0x12B)
[0114/165634.978:WARNING:pe_image_reader.cc(340)] could not read dos header from C:\WINDOWS\SYSTEM32\WINMM.dll
[0114/165634.978:ERROR:process_memory_win.cc(73)] ReadMemory at 0x7ffb56080000 of 64 bytes failed: Only part of a ReadProcessMemory or WriteProcessMemory request was completed. (0x12B)
[0114/165634.978:WARNING:pe_image_reader.cc(340)] could not read dos header from C:\WINDOWS\SYSTEM32\UIAutomationCore.DLL
[0114/165634.978:ERROR:process_memory_win.cc(73)] ReadMemory at 0x7ffb63b90000 of 64 bytes failed: Only part of a ReadProcessMemory or WriteProcessMemory request was completed. (0x12B)
[0114/165634.979:WARNING:pe_image_reader.cc(340)] could not read dos header from C:\WINDOWS\SYSTEM32\Secur32.dll
[0114/165634.979:ERROR:process_memory_win.cc(73)] ReadMemory at 0x7ffb7a6a0000 of 64 bytes failed: Only part of a ReadProcessMemory or WriteProcessMemory request was completed. (0x12B)
[0114/165634.979:WARNING:pe_image_reader.cc(340)] could not read dos header from C:\WINDOWS\SYSTEM32\USERENV.dll
[0114/165634.979:ERROR:process_memory_win.cc(73)] ReadMemory at 0x7ffb7a7f0000 of 64 bytes failed: Only part of a ReadProcessMemory or WriteProcessMemory request was completed. (0x12B)
[0114/165634.979:WARNING:pe_image_reader.cc(340)] could not read dos header from C:\WINDOWS\System32\profapi.dll
[0114/165634.979:ERROR:process_memory_win.cc(73)] ReadMemory at 0x7ffb580a0000 of 64 bytes failed: Only part of a ReadProcessMemory or WriteProcessMemory request was completed. (0x12B)
[0114/165634.979:WARNING:pe_image_reader.cc(340)] could not read dos header from C:\WINDOWS\SYSTEM32\DWrite.dll
[0114/165634.980:ERROR:process_memory_win.cc(73)] ReadMemory at 0x7ffb51490000 of 64 bytes failed: Only part of a ReadProcessMemory or WriteProcessMemory request was completed. (0x12B)
[0114/165634.980:WARNING:pe_image_reader.cc(340)] could not read dos header from C:\WINDOWS\SYSTEM32\WINSPOOL.DRV
[0114/165634.980:ERROR:process_memory_win.cc(73)] ReadMemory at 0x7ffb7a7d0000 of 64 bytes failed: Only part of a ReadProcessMemory or WriteProcessMemory request was completed. (0x12B)
[0114/165634.980:WARNING:pe_image_reader.cc(340)] could not read dos header from C:\WINDOWS\System32\kernel.appcore.dll
[0114/165634.980:ERROR:process_memory_win.cc(73)] ReadMemory at 0x7ffb7a890000 of 64 bytes failed: Only part of a ReadProcessMemory or WriteProcessMemory request was completed. (0x12B)
[0114/165634.980:WARNING:pe_image_reader.cc(340)] could not read dos header from C:\WINDOWS\System32\bcrypt.dll
[0114/165634.980:ERROR:process_memory_win.cc(73)] ReadMemory at 0x7ffb6bf40000 of 64 bytes failed: Only part of a ReadProcessMemory or WriteProcessMemory request was completed. (0x12B)
[0114/165634.981:WARNING:pe_image_reader.cc(340)] could not read dos header from C:\WINDOWS\SYSTEM32\WINHTTP.dll
[0114/165634.981:ERROR:process_memory_win.cc(73)] ReadMemory at 0x7ffb6ccc0000 of 64 bytes failed: Only part of a ReadProcessMemory or WriteProcessMemory request was completed. (0x12B)
[0114/165634.981:WARNING:pe_image_reader.cc(340)] could not read dos header from C:\WINDOWS\SYSTEM32\dhcpcsvc.DLL
[0114/165634.981:ERROR:process_memory_win.cc(73)] ReadMemory at 0x7ffb7c8c0000 of 64 bytes failed: Only part of a ReadProcessMemory or WriteProcessMemory request was completed. (0x12B)
[0114/165634.981:WARNING:pe_image_reader.cc(340)] could not read dos header from C:\WINDOWS\System32\NSI.dll
[0114/165634.981:ERROR:process_memory_win.cc(73)] ReadMemory at 0x7ffb76e80000 of 64 bytes failed: Only part of a ReadProcessMemory or WriteProcessMemory request was completed. (0x12B)
[0114/165634.982:WARNING:pe_image_reader.cc(340)] could not read dos header from C:\WINDOWS\SYSTEM32\WINMMBASE.dll
[0114/165634.982:ERROR:process_memory_win.cc(73)] ReadMemory at 0x7ffb7b170000 of 64 bytes failed: Only part of a ReadProcessMemory or WriteProcessMemory request was completed. (0x12B)
[0114/165634.982:WARNING:pe_image_reader.cc(340)] could not read dos header from C:\WINDOWS\System32\cfgmgr32.dll
[0114/165634.982:ERROR:process_memory_win.cc(73)] ReadMemory at 0x7ffb79250000 of 64 bytes failed: Only part of a ReadProcessMemory or WriteProcessMemory request was completed. (0x12B)
[0114/165634.982:WARNING:pe_image_reader.cc(340)] could not read dos header from C:\WINDOWS\SYSTEM32\PROPSYS.dll
[0114/165634.982:ERROR:process_memory_win.cc(73)] ReadMemory at 0x7ffb7cf00000 of 64 bytes failed: Only part of a ReadProcessMemory or WriteProcessMemory request was completed. (0x12B)
[0114/165634.983:WARNING:pe_image_reader.cc(340)] could not read dos header from C:\WINDOWS\System32\shcore.dll
[0114/165634.983:ERROR:process_memory_win.cc(73)] ReadMemory at 0x7ffb7a6d0000 of 64 bytes failed: Only part of a ReadProcessMemory or WriteProcessMemory request was completed. (0x12B)
[0114/165634.983:WARNING:pe_image_reader.cc(340)] could not read dos header from C:\WINDOWS\SYSTEM32\SSPICLI.DLL
[0114/165634.983:ERROR:process_memory_win.cc(73)] ReadMemory at 0x7ffb7a1d0000 of 64 bytes failed: Only part of a ReadProcessMemory or WriteProcessMemory request was completed. (0x12B)
[0114/165634.983:WARNING:pe_image_reader.cc(340)] could not read dos header from C:\WINDOWS\SYSTEM32\CRYPTBASE.DLL
[0114/165635.383:ERROR:process_memory_win.cc(73)] ReadMemory at 0x7ff75b3a0000 of 64 bytes failed: Only part of a ReadProcessMemory or WriteProcessMemory request was completed. (0x12B)
[0114/165635.383:WARNING:pe_image_reader.cc(340)] could not read dos header from C:\Program Files (x86)\Google\Chrome\Application\chrome.exe
[0114/165635.383:ERROR:process_memory_win.cc(73)] ReadMemory at 0x7ffb7d920000 of 64 bytes failed: Only part of a ReadProcessMemory or WriteProcessMemory request was completed. (0x12B)
[0114/165635.383:WARNING:pe_image_reader.cc(340)] could not read dos header from C:\WINDOWS\SYSTEM32\ntdll.dll
[0114/165635.383:ERROR:process_memory_win.cc(73)] ReadMemory at 0x7ffb7bc90000 of 64 bytes failed: Only part of a ReadProcessMemory or WriteProcessMemory request was completed. (0x12B)
[0114/165635.383:WARNING:pe_image_reader.cc(340)] could not read dos header from C:\WINDOWS\System32\KERNEL32.DLL
[0114/165635.383:ERROR:process_memory_win.cc(73)] ReadMemory at 0x7ffb7b540000 of 64 bytes failed: Only part of a ReadProcessMemory or WriteProcessMemory request was completed. (0x12B)
[0114/165635.383:WARNING:pe_image_reader.cc(340)] could not read dos header from C:\WINDOWS\System32\KERNELBASE.dll
[0114/165635.383:ERROR:process_memory_win.cc(73)] ReadMemory at 0x7ffb401e0000 of 64 bytes failed: Only part of a ReadProcessMemory or WriteProcessMemory request was completed. (0x12B)
[0114/165635.383:WARNING:pe_image_reader.cc(340)] could not read dos header from C:\Program Files (x86)\Google\Chrome\Application\87.0.4280.141\chrome_elf.dll
[0114/165635.383:ERROR:process_memory_win.cc(73)] ReadMemory at 0x7ffb6cb10000 of 64 bytes failed: Only part of a ReadProcessMemory or WriteProcessMemory request was completed. (0x12B)
[0114/165635.383:WARNING:pe_image_reader.cc(340)] could not read dos header from C:\WINDOWS\SYSTEM32\VERSION.dll
[0114/165635.383:ERROR:process_memory_win.cc(73)] ReadMemory at 0x7ffb7bdb0000 of 64 bytes failed: Only part of a ReadProcessMemory or WriteProcessMemory request was completed. (0x12B)
[0114/165635.383:WARNING:pe_image_reader.cc(340)] could not read dos header from C:\WINDOWS\System32\msvcrt.dll
[0114/165635.383:ERROR:process_memory_win.cc(73)] ReadMemory at 0x7ffb7b940000 of 64 bytes failed: Only part of a ReadProcessMemory or WriteProcessMemory request was completed. (0x12B)
[0114/165635.384:WARNING:pe_image_reader.cc(340)] could not read dos header from C:\WINDOWS\System32\bcryptPrimitives.dll
[0114/165635.384:ERROR:process_memory_win.cc(73)] ReadMemory at 0x7ffb7b9d0000 of 64 bytes failed: Only part of a ReadProcessMemory or WriteProcessMemory request was completed. (0x12B)
[0114/165635.384:WARNING:pe_image_reader.cc(340)] could not read dos header from C:\WINDOWS\System32\ADVAPI32.dll
[0114/165635.384:ERROR:process_memory_win.cc(73)] ReadMemory at 0x7ffb7ccc0000 of 64 bytes failed: Only part of a ReadProcessMemory or WriteProcessMemory request was completed. (0x12B)
[0114/165635.384:WARNING:pe_image_reader.cc(340)] could not read dos header from C:\WINDOWS\System32\sechost.dll
[0114/165635.384:ERROR:process_memory_win.cc(73)] ReadMemory at 0x7ffb7c220000 of 64 bytes failed: Only part of a ReadProcessMemory or WriteProcessMemory request was completed. (0x12B)
[0114/165635.384:WARNING:pe_image_reader.cc(340)] could not read dos header from C:\WINDOWS\System32\RPCRT4.dll
[0114/165635.384:ERROR:process_memory_win.cc(73)] ReadMemory at 0x7ffb0fca0000 of 64 bytes failed: Only part of a ReadProcessMemory or WriteProcessMemory request was completed. (0x12B)
[0114/165635.384:WARNING:pe_image_reader.cc(340)] could not read dos header from C:\Program Files (x86)\Google\Chrome\Application\87.0.4280.141\chrome.dll
[0114/165635.384:ERROR:process_memory_win.cc(73)] ReadMemory at 0x7ffb7c340000 of 64 bytes failed: Only part of a ReadProcessMemory or WriteProcessMemory request was completed. (0x12B)
[0114/165635.384:WARNING:pe_image_reader.cc(340)] could not read dos header from C:\WINDOWS\System32\WS2_32.dll
[0114/165635.385:ERROR:process_memory_win.cc(73)] ReadMemory at 0x7ffb7bbb0000 of 64 bytes failed: Only part of a ReadProcessMemory or WriteProcessMemory request was completed. (0x12B)
[0114/165635.385:WARNING:pe_image_reader.cc(340)] could not read dos header from C:\WINDOWS\System32\OLEAUT32.dll
[0114/165635.385:ERROR:process_memory_win.cc(73)] ReadMemory at 0x7ffb7b4a0000 of 64 bytes failed: Only part of a ReadProcessMemory or WriteProcessMemory request was completed. (0x12B)
[0114/165635.385:WARNING:pe_image_reader.cc(340)] could not read dos header from C:\WINDOWS\System32\msvcp_win.dll
[0114/165635.385:ERROR:process_memory_win.cc(73)] ReadMemory at 0x7ffb7b070000 of 64 bytes failed: Only part of a ReadProcessMemory or WriteProcessMemory request was completed. (0x12B)
[0114/165635.385:WARNING:pe_image_reader.cc(340)] could not read dos header from C:\WINDOWS\System32\ucrtbase.dll
[0114/165635.385:ERROR:process_memory_win.cc(73)] ReadMemory at 0x7ffb7bee0000 of 64 bytes failed: Only part of a ReadProcessMemory or WriteProcessMemory request was completed. (0x12B)
[0114/165635.385:WARNING:pe_image_reader.cc(340)] could not read dos header from C:\WINDOWS\System32\combase.dll
[0114/165635.385:ERROR:process_memory_win.cc(73)] ReadMemory at 0x7ffb7b440000 of 64 bytes failed: Only part of a ReadProcessMemory or WriteProcessMemory request was completed. (0x12B)
[0114/165635.385:WARNING:pe_image_reader.cc(340)] could not read dos header from C:\WINDOWS\System32\WINTRUST.dll
[0114/165635.385:ERROR:process_memory_win.cc(73)] ReadMemory at 0x7ffb7a870000 of 64 bytes failed: Only part of a ReadProcessMemory or WriteProcessMemory request was completed. (0x12B)
[0114/165635.385:WARNING:pe_image_reader.cc(340)] could not read dos header from C:\WINDOWS\System32\MSASN1.dll
[0114/165635.386:ERROR:process_memory_win.cc(73)] ReadMemory at 0x7ffb7b7f0000 of 64 bytes failed: Only part of a ReadProcessMemory or WriteProcessMemory request was completed. (0x12B)
[0114/165635.386:WARNING:pe_image_reader.cc(340)] could not read dos header from C:\WINDOWS\System32\CRYPT32.dll
[0114/165635.386:ERROR:process_memory_win.cc(73)] ReadMemory at 0x7ffb78670000 of 64 bytes failed: Only part of a ReadProcessMemory or WriteProcessMemory request was completed. (0x12B)
[0114/165635.386:WARNING:pe_image_reader.cc(340)] could not read dos header from C:\WINDOWS\SYSTEM32\dbghelp.dll
[0114/165635.386:ERROR:process_memory_win.cc(73)] ReadMemory at 0x7ffb79cc0000 of 64 bytes failed: Only part of a ReadProcessMemory or WriteProcessMemory request was completed. (0x12B)
[0114/165635.386:WARNING:pe_image_reader.cc(340)] could not read dos header from C:\WINDOWS\SYSTEM32\IPHLPAPI.DLL
[0114/165635.386:ERROR:process_memory_win.cc(73)] ReadMemory at 0x7ffb76eb0000 of 64 bytes failed: Only part of a ReadProcessMemory or WriteProcessMemory request was completed. (0x12B)
[0114/165635.386:WARNING:pe_image_reader.cc(340)] could not read dos header from C:\WINDOWS\SYSTEM32\WINMM.dll
[0114/165635.386:ERROR:process_memory_win.cc(73)] ReadMemory at 0x7ffb56080000 of 64 bytes failed: Only part of a ReadProcessMemory or WriteProcessMemory request was completed. (0x12B)
[0114/165635.386:WARNING:pe_image_reader.cc(340)] could not read dos header from C:\WINDOWS\SYSTEM32\UIAutomationCore.DLL
[0114/165635.386:ERROR:process_memory_win.cc(73)] ReadMemory at 0x7ffb63b90000 of 64 bytes failed: Only part of a ReadProcessMemory or WriteProcessMemory request was completed. (0x12B)
[0114/165635.386:WARNING:pe_image_reader.cc(340)] could not read dos header from C:\WINDOWS\SYSTEM32\Secur32.dll
[0114/165635.387:ERROR:process_memory_win.cc(73)] ReadMemory at 0x7ffb7a6a0000 of 64 bytes failed: Only part of a ReadProcessMemory or WriteProcessMemory request was completed. (0x12B)
[0114/165635.387:WARNING:pe_image_reader.cc(340)] could not read dos header from C:\WINDOWS\SYSTEM32\USERENV.dll
[0114/165635.387:ERROR:process_memory_win.cc(73)] ReadMemory at 0x7ffb7a7f0000 of 64 bytes failed: Only part of a ReadProcessMemory or WriteProcessMemory request was completed. (0x12B)
[0114/165635.387:WARNING:pe_image_reader.cc(340)] could not read dos header from C:\WINDOWS\System32\profapi.dll
[0114/165635.387:ERROR:process_memory_win.cc(73)] ReadMemory at 0x7ffb580a0000 of 64 bytes failed: Only part of a ReadProcessMemory or WriteProcessMemory request was completed. (0x12B)
[0114/165635.387:WARNING:pe_image_reader.cc(340)] could not read dos header from C:\WINDOWS\SYSTEM32\DWrite.dll
[0114/165635.387:ERROR:process_memory_win.cc(73)] ReadMemory at 0x7ffb51490000 of 64 bytes failed: Only part of a ReadProcessMemory or WriteProcessMemory request was completed. (0x12B)
[0114/165635.389:WARNING:pe_image_reader.cc(340)] could not read dos header from C:\WINDOWS\SYSTEM32\WINSPOOL.DRV
[0114/165635.389:ERROR:process_memory_win.cc(73)] ReadMemory at 0x7ffb7a7d0000 of 64 bytes failed: Only part of a ReadProcessMemory or WriteProcessMemory request was completed. (0x12B)
[0114/165635.390:WARNING:pe_image_reader.cc(340)] could not read dos header from C:\WINDOWS\System32\kernel.appcore.dll
[0114/165635.390:ERROR:process_memory_win.cc(73)] ReadMemory at 0x7ffb7a890000 of 64 bytes failed: Only part of a ReadProcessMemory or WriteProcessMemory request was completed. (0x12B)
[0114/165635.390:WARNING:pe_image_reader.cc(340)] could not read dos header from C:\WINDOWS\System32\bcrypt.dll
[0114/165635.391:ERROR:process_memory_win.cc(73)] ReadMemory at 0x7ffb6bf40000 of 64 bytes failed: Only part of a ReadProcessMemory or WriteProcessMemory request was completed. (0x12B)
[0114/165635.391:WARNING:pe_image_reader.cc(340)] could not read dos header from C:\WINDOWS\SYSTEM32\WINHTTP.dll
[0114/165635.391:ERROR:process_memory_win.cc(73)] ReadMemory at 0x7ffb6ccc0000 of 64 bytes failed: Only part of a ReadProcessMemory or WriteProcessMemory request was completed. (0x12B)
[0114/165635.391:WARNING:pe_image_reader.cc(340)] could not read dos header from C:\WINDOWS\SYSTEM32\dhcpcsvc.DLL
[0114/165635.392:ERROR:process_memory_win.cc(73)] ReadMemory at 0x7ffb7c8c0000 of 64 bytes failed: Only part of a ReadProcessMemory or WriteProcessMemory request was completed. (0x12B)
[0114/165635.392:WARNING:pe_image_reader.cc(340)] could not read dos header from C:\WINDOWS\System32\NSI.dll
[0114/165635.392:ERROR:process_memory_win.cc(73)] ReadMemory at 0x7ffb76e80000 of 64 bytes failed: Only part of a ReadProcessMemory or WriteProcessMemory request was completed. (0x12B)
[0114/165635.392:WARNING:pe_image_reader.cc(340)] could not read dos header from C:\WINDOWS\SYSTEM32\WINMMBASE.dll
[0114/165635.392:ERROR:process_memory_win.cc(73)] ReadMemory at 0x7ffb7b170000 of 64 bytes failed: Only part of a ReadProcessMemory or WriteProcessMemory request was completed. (0x12B)
[0114/165635.392:WARNING:pe_image_reader.cc(340)] could not read dos header from C:\WINDOWS\System32\cfgmgr32.dll
[0114/165635.392:ERROR:process_memory_win.cc(73)] ReadMemory at 0x7ffb79250000 of 64 bytes failed: Only part of a ReadProcessMemory or WriteProcessMemory request was completed. (0x12B)
[0114/165635.392:WARNING:pe_image_reader.cc(340)] could not read dos header from C:\WINDOWS\SYSTEM32\PROPSYS.dll
[0114/165635.392:ERROR:process_memory_win.cc(73)] ReadMemory at 0x7ffb7cf00000 of 64 bytes failed: Only part of a ReadProcessMemory or WriteProcessMemory request was completed. (0x12B)
[0114/165635.392:WARNING:pe_image_reader.cc(340)] could not read dos header from C:\WINDOWS\System32\shcore.dll
[0114/165635.393:ERROR:process_memory_win.cc(73)] ReadMemory at 0x7ffb7a6d0000 of 64 bytes failed: Only part of a ReadProcessMemory or WriteProcessMemory request was completed. (0x12B)
[0114/165635.393:WARNING:pe_image_reader.cc(340)] could not read dos header from C:\WINDOWS\SYSTEM32\SSPICLI.DLL
[0114/165635.393:ERROR:process_memory_win.cc(73)] ReadMemory at 0x7ffb7a1d0000 of 64 bytes failed: Only part of a ReadProcessMemory or WriteProcessMemory request was completed. (0x12B)
[0114/165635.393:WARNING:pe_image_reader.cc(340)] could not read dos header from C:\WINDOWS\SYSTEM32\CRYPTBASE.DLL
[0114/165635.393:ERROR:process_memory_win.cc(73)] ReadMemory at 0x7ff75b3a0000 of 64 bytes failed: Only part of a ReadProcessMemory or WriteProcessMemory request was completed. (0x12B)
[0114/165635.393:WARNING:pe_image_reader.cc(340)] could not read dos header from C:\Program Files (x86)\Google\Chrome\Application\chrome.exe
[0114/165635.393:ERROR:process_memory_win.cc(73)] ReadMemory at 0x7ffb7d920000 of 64 bytes failed: Only part of a ReadProcessMemory or WriteProcessMemory request was completed. (0x12B)
[0114/165635.393:WARNING:pe_image_reader.cc(340)] could not read dos header from C:\WINDOWS\SYSTEM32\ntdll.dll
[0114/165635.393:ERROR:process_memory_win.cc(73)] ReadMemory at 0x7ffb7bc90000 of 64 bytes failed: Only part of a ReadProcessMemory or WriteProcessMemory request was completed. (0x12B)
[0114/165635.393:WARNING:pe_image_reader.cc(340)] could not read dos header from C:\WINDOWS\System32\KERNEL32.DLL
[0114/165635.394:ERROR:process_memory_win.cc(73)] ReadMemory at 0x7ffb7b540000 of 64 bytes failed: Only part of a ReadProcessMemory or WriteProcessMemory request was completed. (0x12B)
[0114/165635.394:WARNING:pe_image_reader.cc(340)] could not read dos header from C:\WINDOWS\System32\KERNELBASE.dll
[0114/165635.394:ERROR:process_memory_win.cc(73)] ReadMemory at 0x7ffb401e0000 of 64 bytes failed: Only part of a ReadProcessMemory or WriteProcessMemory request was completed. (0x12B)
[0114/165635.394:WARNING:pe_image_reader.cc(340)] could not read dos header from C:\Program Files (x86)\Google\Chrome\Application\87.0.4280.141\chrome_elf.dll
[0114/165635.394:ERROR:process_memory_win.cc(73)] ReadMemory at 0x7ffb6cb10000 of 64 bytes failed: Only part of a ReadProcessMemory or WriteProcessMemory request was completed. (0x12B)
[0114/165635.394:WARNING:pe_image_reader.cc(340)] could not read dos header from C:\WINDOWS\SYSTEM32\VERSION.dll
[0114/165635.394:ERROR:process_memory_win.cc(73)] ReadMemory at 0x7ffb7bdb0000 of 64 bytes failed: Only part of a ReadProcessMemory or WriteProcessMemory request was completed. (0x12B)
[0114/165635.394:WARNING:pe_image_reader.cc(340)] could not read dos header from C:\WINDOWS\System32\msvcrt.dll
[0114/165635.394:ERROR:process_memory_win.cc(73)] ReadMemory at 0x7ffb7b940000 of 64 bytes failed: Only part of a ReadProcessMemory or WriteProcessMemory request was completed. (0x12B)
[0114/165635.394:WARNING:pe_image_reader.cc(340)] could not read dos header from C:\WINDOWS\System32\bcryptPrimitives.dll
[0114/165635.394:ERROR:process_memory_win.cc(73)] ReadMemory at 0x7ffb7b9d0000 of 64 bytes failed: Only part of a ReadProcessMemory or WriteProcessMemory request was completed. (0x12B)
[0114/165635.394:WARNING:pe_image_reader.cc(340)] could not read dos header from C:\WINDOWS\System32\ADVAPI32.dll
[0114/165635.395:ERROR:process_memory_win.cc(73)] ReadMemory at 0x7ffb7ccc0000 of 64 bytes failed: Only part of a ReadProcessMemory or WriteProcessMemory request was completed. (0x12B)
[0114/165635.395:WARNING:pe_image_reader.cc(340)] could not read dos header from C:\WINDOWS\System32\sechost.dll
[0114/165635.395:ERROR:process_memory_win.cc(73)] ReadMemory at 0x7ffb7c220000 of 64 bytes failed: Only part of a ReadProcessMemory or WriteProcessMemory request was completed. (0x12B)
[0114/165635.395:WARNING:pe_image_reader.cc(340)] could not read dos header from C:\WINDOWS\System32\RPCRT4.dll
[0114/165635.395:ERROR:process_memory_win.cc(73)] ReadMemory at 0x7ffb0fca0000 of 64 bytes failed: Only part of a ReadProcessMemory or WriteProcessMemory request was completed. (0x12B)
[0114/165635.395:WARNING:pe_image_reader.cc(340)] could not read dos header from C:\Program Files (x86)\Google\Chrome\Application\87.0.4280.141\chrome.dll
[0114/165635.395:ERROR:process_memory_win.cc(73)] ReadMemory at 0x7ffb7c340000 of 64 bytes failed: Only part of a ReadProcessMemory or WriteProcessMemory request was completed. (0x12B)
[0114/165635.395:WARNING:pe_image_reader.cc(340)] could not read dos header from C:\WINDOWS\System32\WS2_32.dll
[0114/165635.395:ERROR:process_memory_win.cc(73)] ReadMemory at 0x7ffb7bbb0000 of 64 bytes failed: Only part of a ReadProcessMemory or WriteProcessMemory request was completed. (0x12B)
[0114/165635.395:WARNING:pe_image_reader.cc(340)] could not read dos header from C:\WINDOWS\System32\OLEAUT32.dll
[0114/165635.395:ERROR:process_memory_win.cc(73)] ReadMemory at 0x7ffb7b4a0000 of 64 bytes failed: Only part of a ReadProcessMemory or WriteProcessMemory request was completed. (0x12B)
[0114/165635.396:WARNING:pe_image_reader.cc(340)] could not read dos header from C:\WINDOWS\System32\msvcp_win.dll
[0114/165635.396:ERROR:process_memory_win.cc(73)] ReadMemory at 0x7ffb7b070000 of 64 bytes failed: Only part of a ReadProcessMemory or WriteProcessMemory request was completed. (0x12B)
[0114/165635.396:WARNING:pe_image_reader.cc(340)] could not read dos header from C:\WINDOWS\System32\ucrtbase.dll
[0114/165635.396:ERROR:process_memory_win.cc(73)] ReadMemory at 0x7ffb7bee0000 of 64 bytes failed: Only part of a ReadProcessMemory or WriteProcessMemory request was completed. (0x12B)
[0114/165635.396:WARNING:pe_image_reader.cc(340)] could not read dos header from C:\WINDOWS\System32\combase.dll
[0114/165635.396:ERROR:process_memory_win.cc(73)] ReadMemory at 0x7ffb7b440000 of 64 bytes failed: Only part of a ReadProcessMemory or WriteProcessMemory request was completed. (0x12B)
[0114/165635.396:WARNING:pe_image_reader.cc(340)] could not read dos header from C:\WINDOWS\System32\WINTRUST.dll
[0114/165635.396:ERROR:process_memory_win.cc(73)] ReadMemory at 0x7ffb7a870000 of 64 bytes failed: Only part of a ReadProcessMemory or WriteProcessMemory request was completed. (0x12B)
[0114/165635.396:WARNING:pe_image_reader.cc(340)] could not read dos header from C:\WINDOWS\System32\MSASN1.dll
[0114/165635.396:ERROR:process_memory_win.cc(73)] ReadMemory at 0x7ffb7b7f0000 of 64 bytes failed: Only part of a ReadProcessMemory or WriteProcessMemory request was completed. (0x12B)
[0114/165635.396:WARNING:pe_image_reader.cc(340)] could not read dos header from C:\WINDOWS\System32\CRYPT32.dll
[0114/165635.396:ERROR:process_memory_win.cc(73)] ReadMemory at 0x7ffb78670000 of 64 bytes failed: Only part of a ReadProcessMemory or WriteProcessMemory request was completed. (0x12B)
[0114/165635.397:WARNING:pe_image_reader.cc(340)] could not read dos header from C:\WINDOWS\SYSTEM32\dbghelp.dll
[0114/165635.397:ERROR:process_memory_win.cc(73)] ReadMemory at 0x7ffb79cc0000 of 64 bytes failed: Only part of a ReadProcessMemory or WriteProcessMemory request was completed. (0x12B)
[0114/165635.397:WARNING:pe_image_reader.cc(340)] could not read dos header from C:\WINDOWS\SYSTEM32\IPHLPAPI.DLL
[0114/165635.397:ERROR:process_memory_win.cc(73)] ReadMemory at 0x7ffb76eb0000 of 64 bytes failed: Only part of a ReadProcessMemory or WriteProcessMemory request was completed. (0x12B)
[0114/165635.397:WARNING:pe_image_reader.cc(340)] could not read dos header from C:\WINDOWS\SYSTEM32\WINMM.dll
[0114/165635.397:ERROR:process_memory_win.cc(73)] ReadMemory at 0x7ffb56080000 of 64 bytes failed: Only part of a ReadProcessMemory or WriteProcessMemory request was completed. (0x12B)
[0114/165635.397:WARNING:pe_image_reader.cc(340)] could not read dos header from C:\WINDOWS\SYSTEM32\UIAutomationCore.DLL
[0114/165635.397:ERROR:process_memory_win.cc(73)] ReadMemory at 0x7ffb63b90000 of 64 bytes failed: Only part of a ReadProcessMemory or WriteProcessMemory request was completed. (0x12B)
[0114/165635.397:WARNING:pe_image_reader.cc(340)] could not read dos header from C:\WINDOWS\SYSTEM32\Secur32.dll
[0114/165635.397:ERROR:process_memory_win.cc(73)] ReadMemory at 0x7ffb7a6a0000 of 64 bytes failed: Only part of a ReadProcessMemory or WriteProcessMemory request was completed. (0x12B)
[0114/165635.398:WARNING:pe_image_reader.cc(340)] could not read dos header from C:\WINDOWS\SYSTEM32\USERENV.dll
[0114/165635.398:ERROR:process_memory_win.cc(73)] ReadMemory at 0x7ffb7a7f0000 of 64 bytes failed: Only part of a ReadProcessMemory or WriteProcessMemory request was completed. (0x12B)
[0114/165635.398:WARNING:pe_image_reader.cc(340)] could not read dos header from C:\WINDOWS\System32\profapi.dll
[0114/165635.398:ERROR:process_memory_win.cc(73)] ReadMemory at 0x7ffb580a0000 of 64 bytes failed: Only part of a ReadProcessMemory or WriteProcessMemory request was completed. (0x12B)
[0114/165635.398:WARNING:pe_image_reader.cc(340)] could not read dos header from C:\WINDOWS\SYSTEM32\DWrite.dll
[0114/165635.398:ERROR:process_memory_win.cc(73)] ReadMemory at 0x7ffb51490000 of 64 bytes failed: Only part of a ReadProcessMemory or WriteProcessMemory request was completed. (0x12B)
[0114/165635.398:WARNING:pe_image_reader.cc(340)] could not read dos header from C:\WINDOWS\SYSTEM32\WINSPOOL.DRV
[0114/165635.398:ERROR:process_memory_win.cc(73)] ReadMemory at 0x7ffb7a7d0000 of 64 bytes failed: Only part of a ReadProcessMemory or WriteProcessMemory request was completed. (0x12B)
[0114/165635.398:WARNING:pe_image_reader.cc(340)] could not read dos header from C:\WINDOWS\System32\kernel.appcore.dll
[0114/165635.398:ERROR:process_memory_win.cc(73)] ReadMemory at 0x7ffb7a890000 of 64 bytes failed: Only part of a ReadProcessMemory or WriteProcessMemory request was completed. (0x12B)
[0114/165635.398:WARNING:pe_image_reader.cc(340)] could not read dos header from C:\WINDOWS\System32\bcrypt.dll
[0114/165635.399:ERROR:process_memory_win.cc(73)] ReadMemory at 0x7ffb6bf40000 of 64 bytes failed: Only part of a ReadProcessMemory or WriteProcessMemory request was completed. (0x12B)
[0114/165635.399:WARNING:pe_image_reader.cc(340)] could not read dos header from C:\WINDOWS\SYSTEM32\WINHTTP.dll
[0114/165635.399:ERROR:process_memory_win.cc(73)] ReadMemory at 0x7ffb6ccc0000 of 64 bytes failed: Only part of a ReadProcessMemory or WriteProcessMemory request was completed. (0x12B)
[0114/165635.399:WARNING:pe_image_reader.cc(340)] could not read dos header from C:\WINDOWS\SYSTEM32\dhcpcsvc.DLL
[0114/165635.399:ERROR:process_memory_win.cc(73)] ReadMemory at 0x7ffb7c8c0000 of 64 bytes failed: Only part of a ReadProcessMemory or WriteProcessMemory request was completed. (0x12B)
[0114/165635.399:WARNING:pe_image_reader.cc(340)] could not read dos header from C:\WINDOWS\System32\NSI.dll
[0114/165635.399:ERROR:process_memory_win.cc(73)] ReadMemory at 0x7ffb76e80000 of 64 bytes failed: Only part of a ReadProcessMemory or WriteProcessMemory request was completed. (0x12B)
[0114/165635.399:WARNING:pe_image_reader.cc(340)] could not read dos header from C:\WINDOWS\SYSTEM32\WINMMBASE.dll
[0114/165635.399:ERROR:process_memory_win.cc(73)] ReadMemory at 0x7ffb7b170000 of 64 bytes failed: Only part of a ReadProcessMemory or WriteProcessMemory request was completed. (0x12B)
[0114/165635.399:WARNING:pe_image_reader.cc(340)] could not read dos header from C:\WINDOWS\System32\cfgmgr32.dll
[0114/165635.399:ERROR:process_memory_win.cc(73)] ReadMemory at 0x7ffb79250000 of 64 bytes failed: Only part of a ReadProcessMemory or WriteProcessMemory request was completed. (0x12B)
[0114/165635.399:WARNING:pe_image_reader.cc(340)] could not read dos header from C:\WINDOWS\SYSTEM32\PROPSYS.dll
[0114/165635.400:ERROR:process_memory_win.cc(73)] ReadMemory at 0x7ffb7cf00000 of 64 bytes failed: Only part of a ReadProcessMemory or WriteProcessMemory request was completed. (0x12B)
[0114/165635.400:WARNING:pe_image_reader.cc(340)] could not read dos header from C:\WINDOWS\System32\shcore.dll
[0114/165635.400:ERROR:process_memory_win.cc(73)] ReadMemory at 0x7ffb7a6d0000 of 64 bytes failed: Only part of a ReadProcessMemory or WriteProcessMemory request was completed. (0x12B)
[0114/165635.400:WARNING:pe_image_reader.cc(340)] could not read dos header from C:\WINDOWS\SYSTEM32\SSPICLI.DLL
[0114/165635.400:ERROR:process_memory_win.cc(73)] ReadMemory at 0x7ffb7a1d0000 of 64 bytes failed: Only part of a ReadProcessMemory or WriteProcessMemory request was completed. (0x12B)
[0114/165635.400:WARNING:pe_image_reader.cc(340)] could not read dos header from C:\WINDOWS\SYSTEM32\CRYPTBASE.DLL
[0114/165635.550:ERROR:process_memory_win.cc(73)] ReadMemory at 0x3e55bf4000 of 49152 bytes failed: Only part of a ReadProcessMemory or WriteProcessMemory request was completed. (0x12B)
[0114/165635.550:ERROR:process_memory_win.cc(73)] ReadMemory at 0x3e563fe000 of 8192 bytes failed: Only part of a ReadProcessMemory or WriteProcessMemory request was completed. (0x12B)
[0114/165635.551:ERROR:process_memory_win.cc(73)] ReadMemory at 0x3e56bfa000 of 24576 bytes failed: Only part of a ReadProcessMemory or WriteProcessMemory request was completed. (0x12B)
[0114/165635.551:ERROR:process_memory_win.cc(73)] ReadMemory at 0x3e573fe000 of 8192 bytes failed: Only part of a ReadProcessMemory or WriteProcessMemory request was completed. (0x12B)
[0114/165635.551:ERROR:process_memory_win.cc(73)] ReadMemory at 0x3e57bfd000 of 12288 bytes failed: Only part of a ReadProcessMemory or WriteProcessMemory request was completed. (0x12B)
[0114/165635.551:ERROR:process_memory_win.cc(73)] ReadMemory at 0x3e583fe000 of 8192 bytes failed: Only part of a ReadProcessMemory or WriteProcessMemory request was completed. (0x12B)
[0114/165635.551:ERROR:process_memory_win.cc(73)] ReadMemory at 0x3e58bfe000 of 8192 bytes failed: Only part of a ReadProcessMemory or WriteProcessMemory request was completed. (0x12B)
[0114/165635.552:ERROR:process_memory_win.cc(73)] ReadMemory at 0x3e593fd000 of 12288 bytes failed: Only part of a ReadProcessMemory or WriteProcessMemory request was completed. (0x12B)
[0114/165635.552:ERROR:process_memory_win.cc(73)] ReadMemory at 0x3e5a3fe000 of 8192 bytes failed: Only part of a ReadProcessMemory or WriteProcessMemory request was completed. (0x12B)
[0114/165635.552:ERROR:process_memory_win.cc(73)] ReadMemory at 0x3e5abfe000 of 8192 bytes failed: Only part of a ReadProcessMemory or WriteProcessMemory request was completed. (0x12B)
[0114/165635.552:ERROR:process_memory_win.cc(73)] ReadMemory at 0x3e5b3fe000 of 8192 bytes failed: Only part of a ReadProcessMemory or WriteProcessMemory request was completed. (0x12B)
[0114/165635.553:ERROR:process_memory_win.cc(73)] ReadMemory at 0x3e59bff000 of 4096 bytes failed: Only part of a ReadProcessMemory or WriteProcessMemory request was completed. (0x12B)
[0114/165635.553:ERROR:process_memory_win.cc(73)] ReadMemory at 0x3e552ff000 of 852 bytes failed: Only part of a ReadProcessMemory or WriteProcessMemory request was completed. (0x12B)
[0114/165635.553:ERROR:process_memory_win.cc(73)] ReadMemory at 0x3e55300000 of 6024 bytes failed: Only part of a ReadProcessMemory or WriteProcessMemory request was completed. (0x12B)
[0114/165635.553:ERROR:process_memory_win.cc(73)] ReadMemory at 0x3e55302000 of 6024 bytes failed: Only part of a ReadProcessMemory or WriteProcessMemory request was completed. (0x12B)
[0114/165635.553:ERROR:process_memory_win.cc(73)] ReadMemory at 0x3e55304000 of 6024 bytes failed: Only part of a ReadProcessMemory or WriteProcessMemory request was completed. (0x12B)
[0114/165635.554:ERROR:process_memory_win.cc(73)] ReadMemory at 0x3e55306000 of 6024 bytes failed: Only part of a ReadProcessMemory or WriteProcessMemory request was completed. (0x12B)
[0114/165635.554:ERROR:process_memory_win.cc(73)] ReadMemory at 0x3e55308000 of 6024 bytes failed: Only part of a ReadProcessMemory or WriteProcessMemory request was completed. (0x12B)
[0114/165635.560:ERROR:process_memory_win.cc(73)] ReadMemory at 0x3e5530a000 of 6024 bytes failed: Only part of a ReadProcessMemory or WriteProcessMemory request was completed. (0x12B)
[0114/165635.560:ERROR:process_memory_win.cc(73)] ReadMemory at 0x3e5530c000 of 6024 bytes failed: Only part of a ReadProcessMemory or WriteProcessMemory request was completed. (0x12B)
[0114/165635.561:ERROR:process_memory_win.cc(73)] ReadMemory at 0x3e5530e000 of 6024 bytes failed: Only part of a ReadProcessMemory or WriteProcessMemory request was completed. (0x12B)
[0114/165635.561:ERROR:process_memory_win.cc(73)] ReadMemory at 0x3e55312000 of 6024 bytes failed: Only part of a ReadProcessMemory or WriteProcessMemory request was completed. (0x12B)
[0114/165635.561:ERROR:process_memory_win.cc(73)] ReadMemory at 0x3e55314000 of 6024 bytes failed: Only part of a ReadProcessMemory or WriteProcessMemory request was completed. (0x12B)
[0114/165635.561:ERROR:process_memory_win.cc(73)] ReadMemory at 0x3e55316000 of 6024 bytes failed: Only part of a ReadProcessMemory or WriteProcessMemory request was completed. (0x12B)
[0114/165635.562:ERROR:process_memory_win.cc(73)] ReadMemory at 0x3e5531c000 of 6024 bytes failed: Only part of a ReadProcessMemory or WriteProcessMemory request was completed. (0x12B)
[0114/165635.562:ERROR:process_memory_win.cc(73)] ReadMemory at 0x197b81c0000 of 680 bytes failed: Only part of a ReadProcessMemory or WriteProcessMemory request was completed. (0x12B)
[0114/165635.562:ERROR:process_memory_win.cc(73)] ReadMemory at 0x197b81f06d0 of 512 bytes failed: Only part of a ReadProcessMemory or WriteProcessMemory request was completed. (0x12B)
[0114/165635.562:ERROR:process_memory_win.cc(73)] ReadMemory at 0x197b82b0fe0 of 13066 bytes failed: Only part of a ReadProcessMemory or WriteProcessMemory request was completed. (0x12B)
[0114/165635.562:ERROR:process_memory_win.cc(73)] ReadMemory at 0x197b82b4300 of 1012 bytes failed: Only part of a ReadProcessMemory or WriteProcessMemory request was completed. (0x12B)
[0114/165635.563:ERROR:process_memory_win.cc(73)] ReadMemory at 0x197b82b4948 of 118 bytes failed: Only part of a ReadProcessMemory or WriteProcessMemory request was completed. (0x12B)
[0114/165635.563:ERROR:process_memory_win.cc(73)] ReadMemory at 0x197b82b49c0 of 720 bytes failed: Only part of a ReadProcessMemory or WriteProcessMemory request was completed. (0x12B)
[0114/165635.563:ERROR:process_memory_win.cc(73)] ReadMemory at 0x197b82b4c92 of 118 bytes failed: Only part of a ReadProcessMemory or WriteProcessMemory request was completed. (0x12B)
[0114/165635.563:ERROR:process_memory_win.cc(73)] ReadMemory at 0x197b82b4d0a of 100 bytes failed: Only part of a ReadProcessMemory or WriteProcessMemory request was completed. (0x12B)
[0114/165635.563:ERROR:process_memory_win.cc(73)] ReadMemory at 0x197b82b4d80 of 58 bytes failed: Only part of a ReadProcessMemory or WriteProcessMemory request was completed. (0x12B)
[0114/165635.563:ERROR:process_memory_win.cc(73)] ReadMemory at 0x197b82b4e80 of 132 bytes failed: Only part of a ReadProcessMemory or WriteProcessMemory request was completed. (0x12B)
[0114/165635.564:ERROR:process_memory_win.cc(73)] ReadMemory at 0x197b82b5010 of 132 bytes failed: Only part of a ReadProcessMemory or WriteProcessMemory request was completed. (0x12B)
[0114/165635.564:ERROR:process_memory_win.cc(73)] ReadMemory at 0x197b82b51d0 of 126 bytes failed: Only part of a ReadProcessMemory or WriteProcessMemory request was completed. (0x12B)
[0114/165635.564:ERROR:process_memory_win.cc(73)] ReadMemory at 0x197b82b56d0 of 132 bytes failed: Only part of a ReadProcessMemory or WriteProcessMemory request was completed. (0x12B)
[0114/165635.564:ERROR:process_memory_win.cc(73)] ReadMemory at 0x197b82b5860 of 64 bytes failed: Only part of a ReadProcessMemory or WriteProcessMemory request was completed. (0x12B)
[0114/165635.564:ERROR:process_memory_win.cc(73)] ReadMemory at 0x197b82b58b0 of 132 bytes failed: Only part of a ReadProcessMemory or WriteProcessMemory request was completed. (0x12B)
[0114/165635.565:ERROR:process_memory_win.cc(73)] ReadMemory at 0x197b82b5cc0 of 132 bytes failed: Only part of a ReadProcessMemory or WriteProcessMemory request was completed. (0x12B)
[0114/165635.565:ERROR:process_memory_win.cc(73)] ReadMemory at 0x197b82b5e50 of 68 bytes failed: Only part of a ReadProcessMemory or WriteProcessMemory request was completed. (0x12B)
[0114/165635.565:ERROR:process_memory_win.cc(73)] ReadMemory at 0x197b82b6fd0 of 132 bytes failed: Only part of a ReadProcessMemory or WriteProcessMemory request was completed. (0x12B)
[0114/165635.565:ERROR:process_memory_win.cc(73)] ReadMemory at 0x197b82b7100 of 154 bytes failed: Only part of a ReadProcessMemory or WriteProcessMemory request was completed. (0x12B)
[0114/165635.565:ERROR:process_memory_win.cc(73)] ReadMemory at 0x197b82b9a70 of 62 bytes failed: Only part of a ReadProcessMemory or WriteProcessMemory request was completed. (0x12B)
[0114/165635.565:ERROR:process_memory_win.cc(73)] ReadMemory at 0x197b82b9bd0 of 132 bytes failed: Only part of a ReadProcessMemory or WriteProcessMemory request was completed. (0x12B)
[0114/165635.566:ERROR:process_memory_win.cc(73)] ReadMemory at 0x197b82b9d60 of 60 bytes failed: Only part of a ReadProcessMemory or WriteProcessMemory request was completed. (0x12B)
[0114/165635.566:ERROR:process_memory_win.cc(73)] ReadMemory at 0x197b82c82e0 of 64 bytes failed: Only part of a ReadProcessMemory or WriteProcessMemory request was completed. (0x12B)
[0114/165635.566:ERROR:process_memory_win.cc(73)] ReadMemory at 0x197b82c8330 of 66 bytes failed: Only part of a ReadProcessMemory or WriteProcessMemory request was completed. (0x12B)
[0114/165635.566:ERROR:process_memory_win.cc(73)] ReadMemory at 0x197b82c8380 of 64 bytes failed: Only part of a ReadProcessMemory or WriteProcessMemory request was completed. (0x12B)
[0114/165635.566:ERROR:process_memory_win.cc(73)] ReadMemory at 0x197b82c8470 of 62 bytes failed: Only part of a ReadProcessMemory or WriteProcessMemory request was completed. (0x12B)
[0114/165635.566:ERROR:process_memory_win.cc(73)] ReadMemory at 0x197b82c8560 of 64 bytes failed: Only part of a ReadProcessMemory or WriteProcessMemory request was completed. (0x12B)
[0114/165635.567:ERROR:process_memory_win.cc(73)] ReadMemory at 0x197b82c8650 of 60 bytes failed: Only part of a ReadProcessMemory or WriteProcessMemory request was completed. (0x12B)
[0114/165635.567:ERROR:process_memory_win.cc(73)] ReadMemory at 0x197b82c86f0 of 60 bytes failed: Only part of a ReadProcessMemory or WriteProcessMemory request was completed. (0x12B)
[0114/165635.567:ERROR:process_memory_win.cc(73)] ReadMemory at 0x197b82c8790 of 62 bytes failed: Only part of a ReadProcessMemory or WriteProcessMemory request was completed. (0x12B)
[0114/165635.567:ERROR:process_memory_win.cc(73)] ReadMemory at 0x197b82c87e0 of 64 bytes failed: Only part of a ReadProcessMemory or WriteProcessMemory request was completed. (0x12B)
[0114/165635.567:ERROR:process_memory_win.cc(73)] ReadMemory at 0x197b82c8830 of 64 bytes failed: Only part of a ReadProcessMemory or WriteProcessMemory request was completed. (0x12B)
[0114/165635.567:ERROR:process_memory_win.cc(73)] ReadMemory at 0x197b82c8880 of 62 bytes failed: Only part of a ReadProcessMemory or WriteProcessMemory request was completed. (0x12B)
[0114/165635.568:ERROR:process_memory_win.cc(73)] ReadMemory at 0x197b82c89c0 of 62 bytes failed: Only part of a ReadProcessMemory or WriteProcessMemory request was completed. (0x12B)
[0114/165635.568:ERROR:process_memory_win.cc(73)] ReadMemory at 0x197b82c8a10 of 62 bytes failed: Only part of a ReadProcessMemory or WriteProcessMemory request was completed. (0x12B)
[0114/165635.568:ERROR:process_memory_win.cc(73)] ReadMemory at 0x197b82c8a60 of 62 bytes failed: Only part of a ReadProcessMemory or WriteProcessMemory request was completed. (0x12B)
[0114/165635.568:ERROR:process_memory_win.cc(73)] ReadMemory at 0x197b82c8b00 of 64 bytes failed: Only part of a ReadProcessMemory or WriteProcessMemory request was completed. (0x12B)
[0114/165635.568:ERROR:process_memory_win.cc(73)] ReadMemory at 0x197b82c8c40 of 62 bytes failed: Only part of a ReadProcessMemory or WriteProcessMemory request was completed. (0x12B)
[0114/165635.568:ERROR:process_memory_win.cc(73)] ReadMemory at 0x197b82c8ce0 of 64 bytes failed: Only part of a ReadProcessMemory or WriteProcessMemory request was completed. (0x12B)
[0114/165635.569:ERROR:process_memory_win.cc(73)] ReadMemory at 0x197b82c8d30 of 66 bytes failed: Only part of a ReadProcessMemory or WriteProcessMemory request was completed. (0x12B)
[0114/165635.569:ERROR:process_memory_win.cc(73)] ReadMemory at 0x197b82c8dd0 of 62 bytes failed: Only part of a ReadProcessMemory or WriteProcessMemory request was completed. (0x12B)
[0114/165635.569:ERROR:process_memory_win.cc(73)] ReadMemory at 0x197b82c8e70 of 58 bytes failed: Only part of a ReadProcessMemory or WriteProcessMemory request was completed. (0x12B)
[0114/165635.569:ERROR:process_memory_win.cc(73)] ReadMemory at 0x197b82c8ec0 of 60 bytes failed: Only part of a ReadProcessMemory or WriteProcessMemory request was completed. (0x12B)
[0114/165635.569:ERROR:process_memory_win.cc(73)] ReadMemory at 0x197b82c8f10 of 62 bytes failed: Only part of a ReadProcessMemory or WriteProcessMemory request was completed. (0x12B)
[0114/165635.569:ERROR:process_memory_win.cc(73)] ReadMemory at 0x197b82c8f60 of 64 bytes failed: Only part of a ReadProcessMemory or WriteProcessMemory request was completed. (0x12B)
[0114/165635.570:ERROR:process_memory_win.cc(73)] ReadMemory at 0x197b82c90f0 of 60 bytes failed: Only part of a ReadProcessMemory or WriteProcessMemory request was completed. (0x12B)
[0114/165635.570:ERROR:process_memory_win.cc(73)] ReadMemory at 0x197b82c9190 of 60 bytes failed: Only part of a ReadProcessMemory or WriteProcessMemory request was completed. (0x12B)
[0114/165635.570:ERROR:process_memory_win.cc(73)] ReadMemory at 0x197b82c9830 of 80 bytes failed: Only part of a ReadProcessMemory or WriteProcessMemory request was completed. (0x12B)
[0114/165635.570:ERROR:process_memory_win.cc(73)] ReadMemory at 0x197b82ca430 of 132 bytes failed: Only part of a ReadProcessMemory or WriteProcessMemory request was completed. (0x12B)
[0114/165635.570:ERROR:process_memory_win.cc(73)] ReadMemory at 0x197b82ca8e0 of 132 bytes failed: Only part of a ReadProcessMemory or WriteProcessMemory request was completed. (0x12B)
[0114/165635.570:ERROR:process_memory_win.cc(73)] ReadMemory at 0x197b82cae00 of 132 bytes failed: Only part of a ReadProcessMemory or WriteProcessMemory request was completed. (0x12B)
[0114/165635.576:ERROR:process_memory_win.cc(73)] ReadMemory at 0x197b82cb8c0 of 132 bytes failed: Only part of a ReadProcessMemory or WriteProcessMemory request was completed. (0x12B)
[0114/165635.576:ERROR:process_memory_win.cc(73)] ReadMemory at 0x197b82cdc30 of 132 bytes failed: Only part of a ReadProcessMemory or WriteProcessMemory request was completed. (0x12B)
[0114/165635.576:ERROR:process_memory_win.cc(73)] ReadMemory at 0x197b82cdd60 of 146 bytes failed: Only part of a ReadProcessMemory or WriteProcessMemory request was completed. (0x12B)
[0114/165635.576:ERROR:process_memory_win.cc(73)] ReadMemory at 0x197b82cf000 of 132 bytes failed: Only part of a ReadProcessMemory or WriteProcessMemory request was completed. (0x12B)
[0114/165635.577:ERROR:process_memory_win.cc(73)] ReadMemory at 0x197b82cf130 of 132 bytes failed: Only part of a ReadProcessMemory or WriteProcessMemory request was completed. (0x12B)
[0114/165635.577:ERROR:process_memory_win.cc(73)] ReadMemory at 0x197b82cf260 of 132 bytes failed: Only part of a ReadProcessMemory or WriteProcessMemory request was completed. (0x12B)
[0114/165635.577:ERROR:process_memory_win.cc(73)] ReadMemory at 0x197b82cf390 of 132 bytes failed: Only part of a ReadProcessMemory or WriteProcessMemory request was completed. (0x12B)
[0114/165635.577:ERROR:process_memory_win.cc(73)] ReadMemory at 0x197b82cf4c0 of 132 bytes failed: Only part of a ReadProcessMemory or WriteProcessMemory request was completed. (0x12B)
[0114/165635.577:ERROR:process_memory_win.cc(73)] ReadMemory at 0x197b82cf720 of 132 bytes failed: Only part of a ReadProcessMemory or WriteProcessMemory request was completed. (0x12B)
[0114/165635.577:ERROR:process_memory_win.cc(73)] ReadMemory at 0x197b82cf850 of 132 bytes failed: Only part of a ReadProcessMemory or WriteProcessMemory request was completed. (0x12B)
[0114/165635.578:ERROR:process_memory_win.cc(73)] ReadMemory at 0x197b82cf980 of 132 bytes failed: Only part of a ReadProcessMemory or WriteProcessMemory request was completed. (0x12B)
[0114/165635.578:ERROR:process_memory_win.cc(73)] ReadMemory at 0x197b82cfab0 of 132 bytes failed: Only part of a ReadProcessMemory or WriteProcessMemory request was completed. (0x12B)
[0114/165635.578:ERROR:process_memory_win.cc(73)] ReadMemory at 0x197b82cfbe0 of 132 bytes failed: Only part of a ReadProcessMemory or WriteProcessMemory request was completed. (0x12B)
[0114/165635.578:ERROR:process_memory_win.cc(73)] ReadMemory at 0x197b82cfd10 of 132 bytes failed: Only part of a ReadProcessMemory or WriteProcessMemory request was completed. (0x12B)
[0114/165635.578:ERROR:process_memory_win.cc(73)] ReadMemory at 0x197b82cfe40 of 132 bytes failed: Only part of a ReadProcessMemory or WriteProcessMemory request was completed. (0x12B)
[0114/165635.578:ERROR:process_memory_win.cc(73)] ReadMemory at 0x197b82d22a0 of 132 bytes failed: Only part of a ReadProcessMemory or WriteProcessMemory request was completed. (0x12B)
[0114/165635.579:ERROR:process_memory_win.cc(73)] ReadMemory at 0x197b82d4340 of 132 bytes failed: Only part of a ReadProcessMemory or WriteProcessMemory request was completed. (0x12B)
[0114/165635.579:ERROR:process_memory_win.cc(73)] ReadMemory at 0x197b82d4640 of 54 bytes failed: Only part of a ReadProcessMemory or WriteProcessMemory request was completed. (0x12B)
[0114/165635.579:ERROR:process_memory_win.cc(73)] ReadMemory at 0x197b82d5490 of 132 bytes failed: Only part of a ReadProcessMemory or WriteProcessMemory request was completed. (0x12B)
[0114/165635.579:ERROR:process_memory_win.cc(73)] ReadMemory at 0x197b82d56b0 of 132 bytes failed: Only part of a ReadProcessMemory or WriteProcessMemory request was completed. (0x12B)
[0114/165635.579:ERROR:process_memory_win.cc(73)] ReadMemory at 0x197b82d5a10 of 132 bytes failed: Only part of a ReadProcessMemory or WriteProcessMemory request was completed. (0x12B)
[0114/165635.580:ERROR:process_memory_win.cc(73)] ReadMemory at 0x197b82d6dd0 of 76 bytes failed: Only part of a ReadProcessMemory or WriteProcessMemory request was completed. (0x12B)
[0114/165635.580:ERROR:process_memory_win.cc(73)] ReadMemory at 0x197b82d6e90 of 80 bytes failed: Only part of a ReadProcessMemory or WriteProcessMemory request was completed. (0x12B)
[0114/165635.580:ERROR:process_memory_win.cc(73)] ReadMemory at 0x197b82d7ae0 of 132 bytes failed: Only part of a ReadProcessMemory or WriteProcessMemory request was completed. (0x12B)
[0114/165635.580:ERROR:process_memory_win.cc(73)] ReadMemory at 0x197b82d7fa0 of 132 bytes failed: Only part of a ReadProcessMemory or WriteProcessMemory request was completed. (0x12B)
[0114/165635.580:ERROR:process_memory_win.cc(73)] ReadMemory at 0x197b82d80d0 of 132 bytes failed: Only part of a ReadProcessMemory or WriteProcessMemory request was completed. (0x12B)
[0114/165635.580:ERROR:process_memory_win.cc(73)] ReadMemory at 0x197b82d8200 of 132 bytes failed: Only part of a ReadProcessMemory or WriteProcessMemory request was completed. (0x12B)
[0114/165635.581:ERROR:process_memory_win.cc(73)] ReadMemory at 0x197b82d86c0 of 132 bytes failed: Only part of a ReadProcessMemory or WriteProcessMemory request was completed. (0x12B)
[0114/165635.581:ERROR:process_memory_win.cc(73)] ReadMemory at 0x197b82d8920 of 132 bytes failed: Only part of a ReadProcessMemory or WriteProcessMemory request was completed. (0x12B)
[0114/165635.581:ERROR:process_memory_win.cc(73)] ReadMemory at 0x197b82d8de0 of 132 bytes failed: Only part of a ReadProcessMemory or WriteProcessMemory request was completed. (0x12B)
[0114/165635.581:ERROR:process_memory_win.cc(73)] ReadMemory at 0x197b82d92a0 of 132 bytes failed: Only part of a ReadProcessMemory or WriteProcessMemory request was completed. (0x12B)
[0114/165635.581:ERROR:process_memory_win.cc(73)] ReadMemory at 0x197b82d93d0 of 132 bytes failed: Only part of a ReadProcessMemory or WriteProcessMemory request was completed. (0x12B)
[0114/165635.581:ERROR:process_memory_win.cc(73)] ReadMemory at 0x197b82d9760 of 132 bytes failed: Only part of a ReadProcessMemory or WriteProcessMemory request was completed. (0x12B)
[0114/165635.582:ERROR:process_memory_win.cc(73)] ReadMemory at 0x197b82dce90 of 60 bytes failed: Only part of a ReadProcessMemory or WriteProcessMemory request was completed. (0x12B)
[0114/165635.582:ERROR:process_memory_win.cc(73)] ReadMemory at 0x197b82dd430 of 62 bytes failed: Only part of a ReadProcessMemory or WriteProcessMemory request was completed. (0x12B)
[0114/165635.582:ERROR:process_memory_win.cc(73)] ReadMemory at 0x197b83294b0 of 512 bytes failed: Only part of a ReadProcessMemory or WriteProcessMemory request was completed. (0x12B)
[0114/165635.582:ERROR:process_memory_win.cc(73)] ReadMemory at 0x197b8329fe0 of 640 bytes failed: Only part of a ReadProcessMemory or WriteProcessMemory request was completed. (0x12B)
[0114/165635.582:ERROR:process_memory_win.cc(73)] ReadMemory at 0x197b83477d0 of 512 bytes failed: Only part of a ReadProcessMemory or WriteProcessMemory request was completed. (0x12B)
[0114/165635.583:ERROR:process_memory_win.cc(73)] ReadMemory at 0x197b834b7b0 of 712 bytes failed: Only part of a ReadProcessMemory or WriteProcessMemory request was completed. (0x12B)
[0114/165635.583:ERROR:process_memory_win.cc(73)] ReadMemory at 0x197b8395d06 of 620 bytes failed: Only part of a ReadProcessMemory or WriteProcessMemory request was completed. (0x12B)
[0114/165635.583:ERROR:process_memory_win.cc(73)] ReadMemory at 0x197b9c72fe0 of 512 bytes failed: Only part of a ReadProcessMemory or WriteProcessMemory request was completed. (0x12B)
[0114/165635.583:ERROR:process_memory_win.cc(73)] ReadMemory at 0x197b9c82130 of 512 bytes failed: Only part of a ReadProcessMemory or WriteProcessMemory request was completed. (0x12B)
[0114/165635.583:ERROR:process_memory_win.cc(73)] ReadMemory at 0x197b9cacf70 of 512 bytes failed: Only part of a ReadProcessMemory or WriteProcessMemory request was completed. (0x12B)
[0114/165635.583:ERROR:process_memory_win.cc(73)] ReadMemory at 0x197b9cb03a8 of 512 bytes failed: Only part of a ReadProcessMemory or WriteProcessMemory request was completed. (0x12B)
[0114/165635.584:ERROR:process_memory_win.cc(73)] ReadMemory at 0x197b9cb05e8 of 512 bytes failed: Only part of a ReadProcessMemory or WriteProcessMemory request was completed. (0x12B)
[0114/165635.584:ERROR:process_memory_win.cc(73)] ReadMemory at 0x197b9d08ec0 of 512 bytes failed: Only part of a ReadProcessMemory or WriteProcessMemory request was completed. (0x12B)
[0114/165635.584:ERROR:process_memory_win.cc(73)] ReadMemory at 0x197b9d29f50 of 512 bytes failed: Only part of a ReadProcessMemory or WriteProcessMemory request was completed. (0x12B)
[0114/165635.584:ERROR:process_memory_win.cc(73)] ReadMemory at 0x197ba3b1af8 of 512 bytes failed: Only part of a ReadProcessMemory or WriteProcessMemory request was completed. (0x12B)
[0114/165635.584:ERROR:process_memory_win.cc(73)] ReadMemory at 0x197ba3b1da0 of 512 bytes failed: Only part of a ReadProcessMemory or WriteProcessMemory request was completed. (0x12B)
[0114/165635.584:ERROR:process_memory_win.cc(73)] ReadMemory at 0x3df080cbc8d of 512 bytes failed: Only part of a ReadProcessMemory or WriteProcessMemory request was completed. (0x12B)
[0114/165635.585:ERROR:process_memory_win.cc(73)] ReadMemory at 0x3df080d8d04 of 512 bytes failed: Only part of a ReadProcessMemory or WriteProcessMemory request was completed. (0x12B)
[0114/165635.585:ERROR:process_memory_win.cc(73)] ReadMemory at 0x3df084dc90c of 512 bytes failed: Only part of a ReadProcessMemory or WriteProcessMemory request was completed. (0x12B)
[0114/165635.585:ERROR:process_memory_win.cc(73)] ReadMemory at 0x7ff75b4c5b15 of 539 bytes failed: Only part of a ReadProcessMemory or WriteProcessMemory request was completed. (0x12B)
[0114/165635.585:ERROR:process_memory_win.cc(73)] ReadMemory at 0x7ffb17b18f88 of 512 bytes failed: Only part of a ReadProcessMemory or WriteProcessMemory request was completed. (0x12B)
[0114/165635.585:ERROR:process_memory_win.cc(73)] ReadMemory at 0x7ffb4021a1c0 of 512 bytes failed: Only part of a ReadProcessMemory or WriteProcessMemory request was completed. (0x12B)
[0114/165635.585:ERROR:process_memory_win.cc(73)] ReadMemory at 0x7ffb4021a8b7 of 512 bytes failed: Only part of a ReadProcessMemory or WriteProcessMemory request was completed. (0x12B)
[0114/165635.586:ERROR:process_memory_win.cc(73)] ReadMemory at 0x7ffb7bcb1fd0 of 512 bytes failed: Only part of a ReadProcessMemory or WriteProcessMemory request was completed. (0x12B)
[0114/165635.586:ERROR:process_memory_win.cc(73)] ReadMemory at 0x7ffb7d9bc6f4 of 672 bytes failed: Only part of a ReadProcessMemory or WriteProcessMemory request was completed. (0x12B)
[0114/165635.586:ERROR:process_memory_win.cc(73)] ReadMemory at 0x7ffb7d9bffa4 of 608 bytes failed: Only part of a ReadProcessMemory or WriteProcessMemory request was completed. (0x12B)
[0114/165635.586:ERROR:process_memory_win.cc(73)] ReadMemory at 0x7ffb7da4c428 of 18 bytes failed: Only part of a ReadProcessMemory or WriteProcessMemory request was completed. (0x12B)
[0114/165635.586:ERROR:process_memory_win.cc(73)] ReadMemory at 0x7ffb7da7f4f8 of 40 bytes failed: Only part of a ReadProcessMemory or WriteProcessMemory request was completed. (0x12B)
[0114/165635.586:ERROR:process_memory_win.cc(73)] ReadMemory at 0x7ffb7da7f978 of 48 bytes failed: Only part of a ReadProcessMemory or WriteProcessMemory request was completed. (0x12B)
[0114/165635.587:ERROR:process_memory_win.cc(73)] ReadMemory at 0x7ffb7da853c0 of 64 bytes failed: Only part of a ReadProcessMemory or WriteProcessMemory request was completed. (0x12B)
[0114/165635.603:ERROR:filesystem_win.cc(129)] GetFileAttributes C:\Users\User\AppData\Local\Google\Chrome\User Data\Crashpad\attachments\634a6069-770f-48fc-b2ae-9c8ec1ce214a: The system cannot find the path specified. (0x3)
[0114/165635.595:ERROR:scoped_process_suspend.cc(40)] NtResumeProcess: An attempt was made to access an exiting process. (0xc000010a)
[0115/161749.941:ERROR:directory_reader_win.cc(43)] FindFirstFile: The system cannot find the path specified. (0x3)
[0116/000226.041:ERROR:directory_reader_win.cc(43)] FindFirstFile: The system cannot find the path specified. (0x3)
[0116/113800.142:ERROR:directory_reader_win.cc(43)] FindFirstFile: The system cannot find the path specified. (0x3)
[0116/212203.291:ERROR:directory_reader_win.cc(43)] FindFirstFile: The system cannot find the path specified. (0x3)
